Using pre-set license
Built from '2020.3/staging' branch; Version is '2020.3.11f1 (99c7afb366b3) revision 10078127'; Using compiler version '192528614'; Build Type 'Release'
OS: 'Windows 10 Pro; OS build 19043.1237; Version 2009; 64bit' Language: 'en' Physical Memory: 32637 MB
BatchMode: 1, IsHumanControllingUs: 0, StartBugReporterOnCrash: 0, Is64bit: 1, IsPro: 0

 COMMAND LINE ARGUMENTS:
C:\Program Files\Unity\Hub\Editor\2020.3.11f1\Editor\Unity.exe
-adb2
-batchMode
-noUpm
-name
AssetImportWorker0
-projectPath
C:/Users/matan/Documents/GitHub/MiniMonopoly
-logFile
Logs/AssetImportWorker0.log
-srvPort
63881
Successfully changed project path to: C:/Users/matan/Documents/GitHub/MiniMonopoly
C:/Users/matan/Documents/GitHub/MiniMonopoly
Using Asset Import Pipeline V2.
Refreshing native plugins compatible for Editor in 20.41 ms, found 2 plugins.
Preloading 0 native plugins for Editor in 0.00 ms.
Initialize engine version: 2020.3.11f1 (99c7afb366b3)
[Subsystems] Discovering subsystems at path C:/Program Files/Unity/Hub/Editor/2020.3.11f1/Editor/Data/Resources/UnitySubsystems
[Subsystems] Discovering subsystems at path C:/Users/matan/Documents/GitHub/MiniMonopoly/Assets
GfxDevice: creating device client; threaded=0
Direct3D:
    Version:  Direct3D 11.0 [level 11.1]
    Renderer: NVIDIA GeForce GTX 1070 (ID=0x1b81)
    Vendor:   
    VRAM:     8088 MB
    Driver:   30.0.14.7196
Initialize mono
Mono path[0] = 'C:/Program Files/Unity/Hub/Editor/2020.3.11f1/Editor/Data/Managed'
Mono path[1] = 'C:/Program Files/Unity/Hub/Editor/2020.3.11f1/Editor/Data/MonoBleedingEdge/lib/mono/unityjit'
Mono config path = 'C:/Program Files/Unity/Hub/Editor/2020.3.11f1/Editor/Data/MonoBleedingEdge/etc'
Using monoOptions --debugger-agent=transport=dt_socket,embedding=1,server=y,suspend=n,address=127.0.0.1:56544
Begin MonoManager ReloadAssembly
Registering precompiled unity dll's ...
Register platform support module: C:/Program Files/Unity/Hub/Editor/2020.3.11f1/Editor/Data/PlaybackEngines/WebGLSupport/UnityEditor.WebGL.Extensions.dll
Register platform support module: C:/Program Files/Unity/Hub/Editor/2020.3.11f1/Editor/Data/PlaybackEngines/WindowsStandaloneSupport/UnityEditor.WindowsStandalone.Extensions.dll
Registered in 0.001448 seconds.
Native extension for WindowsStandalone target not found
Native extension for WebGL target not found
Refreshing native plugins compatible for Editor in 18.56 ms, found 2 plugins.
Preloading 0 native plugins for Editor in 0.00 ms.
Mono: successfully reloaded assembly
- Completed reload, in  1.388 seconds
Platform modules already initialized, skipping
Registering precompiled user dll's ...
Registered in 0.002148 seconds.
Begin MonoManager ReloadAssembly
Native extension for WindowsStandalone target not found
Native extension for WebGL target not found
Refreshing native plugins compatible for Editor in 0.24 ms, found 2 plugins.
Preloading 0 native plugins for Editor in 0.00 ms.
Mono: successfully reloaded assembly
- Completed reload, in  0.655 seconds
Platform modules already initialized, skipping
========================================================================
Worker process is ready to serve import requests
Launched and connected shader compiler UnityShaderCompiler.exe after 0.03 seconds
Refreshing native plugins compatible for Editor in 0.21 ms, found 2 plugins.
Preloading 0 native plugins for Editor in 0.00 ms.
Unloading 1410 Unused Serialized files (Serialized files now loaded: 0)
System memory in use before: 66.8 MB.
System memory in use after: 66.5 MB.

Unloading 27 unused Assets to reduce memory usage. Loaded Objects now: 1836.
Total: 1.356500 ms (FindLiveObjects: 0.095900 ms CreateObjectMapping: 0.028000 ms MarkObjects: 1.051800 ms  DeleteObjects: 0.180100 ms)

========================================================================
Received Import Request.
  path: Assets/Resources/Player_0_mark.png
  artifactKey: Guid(a10228684dbf75e4c84b48292721443b) Importer(815301076,1909f56bfc062723c751e8b465ee728b)
Start importing Assets/Resources/Player_0_mark.png using Guid(a10228684dbf75e4c84b48292721443b) Importer(815301076,1909f56bfc062723c751e8b465ee728b)  -> (artifact id: 'd1a05225788048daf2eab7706adde3bc') in 0.062435 seconds
  Import took 0.064138 seconds .

========================================================================
Received Import Request.
  Time since last request: 0.000247 seconds.
  path: Assets/Resources/pop_up_bg.png
  artifactKey: Guid(3e76af2acbb55084fbf9239d48e0db9b) Importer(815301076,1909f56bfc062723c751e8b465ee728b)
Start importing Assets/Resources/pop_up_bg.png using Guid(3e76af2acbb55084fbf9239d48e0db9b) Importer(815301076,1909f56bfc062723c751e8b465ee728b)  -> (artifact id: 'feb4ad62a70818fe61e3e07108dc82b0') in 0.014979 seconds
  Import took 0.016844 seconds .

========================================================================
Received Import Request.
  Time since last request: 0.000125 seconds.
  path: Assets/Resources/Player_2_mark.png
  artifactKey: Guid(67d6ba563c5546043985548d9978fa1d) Importer(815301076,1909f56bfc062723c751e8b465ee728b)
Start importing Assets/Resources/Player_2_mark.png using Guid(67d6ba563c5546043985548d9978fa1d) Importer(815301076,1909f56bfc062723c751e8b465ee728b)  -> (artifact id: '7eadd3ef0803650cfa9b6bf481c061f0') in 0.006660 seconds
  Import took 0.008281 seconds .

========================================================================
Received Import Request.
  Time since last request: 0.000138 seconds.
  path: Assets/Resources/player_1.png
  artifactKey: Guid(91288c67e54b0ec4fa7017b0789180db) Importer(815301076,1909f56bfc062723c751e8b465ee728b)
Start importing Assets/Resources/player_1.png using Guid(91288c67e54b0ec4fa7017b0789180db) Importer(815301076,1909f56bfc062723c751e8b465ee728b)  -> (artifact id: 'd73084c48ca20f19a0e7a704a173696b') in 0.008009 seconds
  Import took 0.009627 seconds .

========================================================================
Received Import Request.
  Time since last request: 0.000125 seconds.
  path: Assets/Resources/DiceAllSides.png
  artifactKey: Guid(475534e6f78bde142a39426d18b7d897) Importer(815301076,1909f56bfc062723c751e8b465ee728b)
Start importing Assets/Resources/DiceAllSides.png using Guid(475534e6f78bde142a39426d18b7d897) Importer(815301076,1909f56bfc062723c751e8b465ee728b)  -> (artifact id: 'ad7f0fe073cd6e361cc52d8e66e18678') in 0.008036 seconds
  Import took 0.009750 seconds .

========================================================================
Received Import Request.
  Time since last request: 0.000131 seconds.
  path: Assets/Resources/player_2.png
  artifactKey: Guid(f9c79c725f4e0e84091e52c1e606dbbc) Importer(815301076,1909f56bfc062723c751e8b465ee728b)
Start importing Assets/Resources/player_2.png using Guid(f9c79c725f4e0e84091e52c1e606dbbc) Importer(815301076,1909f56bfc062723c751e8b465ee728b)  -> (artifact id: 'f4d3a20fcbcd871921710c933eea3751') in 0.006693 seconds
  Import took 0.008376 seconds .

========================================================================
Received Import Request.
  Time since last request: 0.000124 seconds.
  path: Assets/Resources/board.png
  artifactKey: Guid(39f24a7c5fe857048a6c6c8ed39f93ab) Importer(815301076,1909f56bfc062723c751e8b465ee728b)
Start importing Assets/Resources/board.png using Guid(39f24a7c5fe857048a6c6c8ed39f93ab) Importer(815301076,1909f56bfc062723c751e8b465ee728b)  -> (artifact id: '5e2e7d0078604b7a81ac591322e2161d') in 0.010252 seconds
  Import took 0.012095 seconds .

========================================================================
Received Import Request.
  Time since last request: 0.000163 seconds.
  path: Assets/Resources/blurborder.png
  artifactKey: Guid(b19d5dc1f96c9334fbf73491df3748f0) Importer(815301076,1909f56bfc062723c751e8b465ee728b)
Start importing Assets/Resources/blurborder.png using Guid(b19d5dc1f96c9334fbf73491df3748f0) Importer(815301076,1909f56bfc062723c751e8b465ee728b)  -> (artifact id: 'dd0adf5d7bf1cbf31d4e1c7e9c15e5ed') in 0.007761 seconds
  Import took 0.009452 seconds .

========================================================================
Received Import Request.
  Time since last request: 0.000185 seconds.
  path: Assets/Resources/ok_btn.png
  artifactKey: Guid(85e71931c6fc98043abb7fca7d427c24) Importer(815301076,1909f56bfc062723c751e8b465ee728b)
Start importing Assets/Resources/ok_btn.png using Guid(85e71931c6fc98043abb7fca7d427c24) Importer(815301076,1909f56bfc062723c751e8b465ee728b)  -> (artifact id: 'e3794beb8f1a81e04b22096ffc78971d') in 0.007978 seconds
  Import took 0.009604 seconds .

========================================================================
Received Import Request.
  Time since last request: 0.000137 seconds.
  path: Assets/Resources/active_player_indication.png
  artifactKey: Guid(cf9abb5f73825d64da9d963500c86ce0) Importer(815301076,1909f56bfc062723c751e8b465ee728b)
Start importing Assets/Resources/active_player_indication.png using Guid(cf9abb5f73825d64da9d963500c86ce0) Importer(815301076,1909f56bfc062723c751e8b465ee728b)  -> (artifact id: '40710433d009a7e9bf94375352c22287') in 0.007676 seconds
  Import took 0.009382 seconds .

========================================================================
Received Import Request.
  Time since last request: 0.000128 seconds.
  path: Assets/Resources/players_amounts.png
  artifactKey: Guid(d531661f1bbf863458b38cb728b0580f) Importer(815301076,1909f56bfc062723c751e8b465ee728b)
Start importing Assets/Resources/players_amounts.png using Guid(d531661f1bbf863458b38cb728b0580f) Importer(815301076,1909f56bfc062723c751e8b465ee728b)  -> (artifact id: '3c262e58e89b9bdd38fe1a3500929893') in 0.007557 seconds
  Import took 0.009174 seconds .

========================================================================
Received Import Request.
  Time since last request: 0.000132 seconds.
  path: Assets/Resources/Player_1_mark.png
  artifactKey: Guid(348d3b65e55bb5e4588b4c798795b1b1) Importer(815301076,1909f56bfc062723c751e8b465ee728b)
Start importing Assets/Resources/Player_1_mark.png using Guid(348d3b65e55bb5e4588b4c798795b1b1) Importer(815301076,1909f56bfc062723c751e8b465ee728b)  -> (artifact id: 'ca7d41932a864c0d6f8a864beca50b37') in 0.007201 seconds
  Import took 0.008886 seconds .

========================================================================
Received Import Request.
  Time since last request: 0.000179 seconds.
  path: Assets/Resources/dice_bg.png
  artifactKey: Guid(c93123063dfa6b94fa2fe8c030f150c1) Importer(815301076,1909f56bfc062723c751e8b465ee728b)
Start importing Assets/Resources/dice_bg.png using Guid(c93123063dfa6b94fa2fe8c030f150c1) Importer(815301076,1909f56bfc062723c751e8b465ee728b)  -> (artifact id: '3af062fe4756a41fbb201869275673bc') in 0.007350 seconds
  Import took 0.008969 seconds .

========================================================================
Received Prepare
Refreshing native plugins compatible for Editor in 1.91 ms, found 2 plugins.
Preloading 0 native plugins for Editor in 0.00 ms.
Unloading 20 Unused Serialized files (Serialized files now loaded: 0)
System memory in use before: 42.2 MB.
System memory in use after: 41.9 MB.

Unloading 20 unused Assets to reduce memory usage. Loaded Objects now: 1858.
Total: 1.685300 ms (FindLiveObjects: 0.110800 ms CreateObjectMapping: 0.026600 ms MarkObjects: 1.399300 ms  DeleteObjects: 0.148000 ms)

AssetImportWorkerClient::OnTransportError - code=2 error=End of file
